
Showing logs for build [32mhack19-hub-serverless-pr-6-serv-bcl5d-2[0m stage [32mfrom-build-pack[0m and container [32mstep-credential-initializer-m6bvk[0m
{"level":"warn","ts":1572606130.265292,"logger":"fallback-logger","caller":"logging/config.go:69","msg":"Fetch GitHub commit ID from kodata failed: \"ref: refs/heads/master\" is not a valid GitHub commit ID"}
{"level":"info","ts":1572606130.2665792,"logger":"fallback-logger","caller":"creds-init/main.go:40","msg":"Credentials initialized."}

Showing logs for build [32mhack19-hub-serverless-pr-6-serv-bcl5d-2[0m stage [32mfrom-build-pack[0m and container [32mstep-working-dir-initializer-hqsvl[0m
{"level":"warn","ts":1572606131.5888944,"logger":"fallback-logger","caller":"logging/config.go:69","msg":"Fetch GitHub commit ID from kodata failed: open /var/run/ko/HEAD: no such file or directory"}
{"level":"info","ts":1572606131.591139,"logger":"fallback-logger","caller":"bash/main.go:65","msg":"Successfully executed command \"mkdir -p /workspace/source\""}

Showing logs for build [32mhack19-hub-serverless-pr-6-serv-bcl5d-2[0m stage [32mfrom-build-pack[0m and container [32mstep-place-tools[0m

Showing logs for build [32mhack19-hub-serverless-pr-6-serv-bcl5d-2[0m stage [32mfrom-build-pack[0m and container [32mstep-git-source-hack19-hub-serverless-pr-6-serv-gjgtc[0m
{"level":"warn","ts":1572606137.6381783,"logger":"fallback-logger","caller":"logging/config.go:69","msg":"Fetch GitHub commit ID from kodata failed: \"ref: refs/heads/master\" is not a valid GitHub commit ID"}
{"level":"info","ts":1572606138.0485218,"logger":"fallback-logger","caller":"git/git.go:102","msg":"Successfully cloned https://github.com/**********/serverless.git @ master in path /workspace/source"}

Showing logs for build [32mhack19-hub-serverless-pr-6-serv-bcl5d-2[0m stage [32mfrom-build-pack[0m and container [32mstep-git-merge[0m
Using SHAs from PULL_REFS=master:8e1254e109bad5c5bb6f427e149423086987fa90,6:080e5cc983240afb24c0253e9a517160b2fe2670
DEBUG: ran git fetch --unshallow origin 080e5cc983240afb24c0253e9a517160b2fe2670: 8e1254e109bad5c5bb6f427e149423086987fa90: in 
DEBUG: ran git checkout master in 
DEBUG: ran git reset --hard 8e1254e109bad5c5bb6f427e149423086987fa90 in 
DEBUG: ran clean --force -d . in 
DEBUG: ran git merge 080e5cc983240afb24c0253e9a517160b2fe2670 in 
Merged SHA 080e5cc983240afb24c0253e9a517160b2fe2670 with commit message 'Update skaffold.yaml' into base branch master
Merged SHA 2739400edbdb7ebb89934b09c54b8184844884b6 with commit message 'Update Makefile' into base branch master
Merged SHA 56b66a460f4414ed719148275b92f969b56e267d with commit message 'Update Makefile' into base branch master
Merged SHA 6d03b2b93dde6f537b2f9a4b1453dfdd1c1557fb with commit message 'Update skaffold.yaml' into base branch master
Merged SHA 5bcc9e3789f23cd1dbc6e2ed152a10db3d56c720 with commit message 'Update Dockerfile' into base branch master

Showing logs for build [32mhack19-hub-serverless-pr-6-serv-bcl5d-2[0m stage [32mfrom-build-pack[0m and container [32mstep-build-make-linux[0m
CGO_ENABLED=0 GOOS=linux GOARCH=amd64 GO15VENDOREXPERIMENT=1 go build -ldflags '' -o bin/serverless-jenkins-demo main.go

Showing logs for build [32mhack19-hub-serverless-pr-6-serv-bcl5d-2[0m stage [32mfrom-build-pack[0m and container [32mstep-build-container-build[0m
[36mINFO[0m[0000] No base image, nothing to extract            
[36mINFO[0m[0000] cmd: EXPOSE                                  
[36mINFO[0m[0000] Adding exposed port: 8080/tcp                
[36mINFO[0m[0000] Using files from context: [/workspace/source/bin] 
[36mINFO[0m[0000] Skipping unpacking as no commands require it. 
[36mINFO[0m[0000] Taking snapshot of full filesystem...        
[36mINFO[0m[0000] EXPOSE 8080                                  
[36mINFO[0m[0000] cmd: EXPOSE                                  
[36mINFO[0m[0000] Adding exposed port: 8080/tcp                
[36mINFO[0m[0000] No files changed in this command, skipping snapshotting. 
[36mINFO[0m[0000] ENTRYPOINT ["/serverless-jenkins-demo"]      
[36mINFO[0m[0000] No files changed in this command, skipping snapshotting. 
[36mINFO[0m[0000] Using files from context: [/workspace/source/bin] 
[36mINFO[0m[0000] COPY ./bin/ /                                
[36mINFO[0m[0000] Taking snapshot of files...                  
2019/11/01 11:02:26 pushed blob: sha256:64ecf9a8377f657dc0ae1727292ba4e6ba92356f817aeffda14e73451c6b4414
2019/11/01 11:02:26 pushed blob: sha256:8b733c3fdc3b48c13dd4d2ce187786be0f1ea858f0960b55d5b1fb801edc0bc8
2019/11/01 11:02:26 823024120868.dkr.ecr.us-west-2.amazonaws.com/**********/serverless:0.0.0-SNAPSHOT-PR-6-2: digest: sha256:0402ff13330aa31428b05dc12fd17d0b42557c691f71fcc757ec05aecafea17d size: 428

Showing logs for build [32mhack19-hub-serverless-pr-6-serv-bcl5d-2[0m stage [32mfrom-build-pack[0m and container [32mstep-postbuild-post-build[0m
no CVE provider running in the current ** namespace so skip adding image to be analysed

Showing logs for build [32mhack19-hub-serverless-pr-6-serv-bcl5d-2[0m stage [32mfrom-build-pack[0m and container [32mstep-promote-make-preview[0m
helm init --client-only
Creating /builder/home/.helm 
Creating /builder/home/.helm/repository 
Creating /builder/home/.helm/repository/cache 
Creating /builder/home/.helm/repository/local 
Creating /builder/home/.helm/plugins 
Creating /builder/home/.helm/starters 
Creating /builder/home/.helm/cache/archive 
Creating /builder/home/.helm/repository/repositories.yaml 
Adding stable repo with URL: https://kubernetes-charts.storage.googleapis.com 
Adding local repo with URL: http://127.0.0.1:8879/charts 
$HELM_HOME has been configured at /builder/home/.helm.
Not installing Tiller due to 'client-only' flag having been set
helm repo add chartmuseum http://jenkins-x-chartmuseum:8080
"chartmuseum" has been added to your repositories
sed -i -e "s/version:.*/version: 0.0.0-SNAPSHOT-PR-6-2/" Chart.yaml
sed -i -e "s/version:.*/version: 0.0.0-SNAPSHOT-PR-6-2/" ../*/Chart.yaml
sed -i -e "s|repository: *|repository: :/rawlingsj/serverless-jenkins-demo|" values.yaml
sed -i -e "s/tag: .*/tag: 0.0.0-SNAPSHOT-PR-6-2/" values.yaml
echo "  version: 0.0.0-SNAPSHOT-PR-6-2" >> requirements.yaml
helm dependency build
Error: directory ../serverless-jenkins-demo not found
make: *** [preview] Error 1
[31m
Pipeline failed on stage 'from-build-pack' : container 'step-promote-make-preview'. The execution of the pipeline has stopped.[0m
