
Showing logs for build [32mhack19-hub-serverless-jenkins-d-mw497-4[0m stage [32mfrom-build-pack[0m and container [32mstep-credential-initializer-qzpjb[0m
{"level":"warn","ts":1572610284.2460718,"logger":"fallback-logger","caller":"logging/config.go:69","msg":"Fetch GitHub commit ID from kodata failed: \"ref: refs/heads/master\" is not a valid GitHub commit ID"}
{"level":"info","ts":1572610284.2491555,"logger":"fallback-logger","caller":"creds-init/main.go:40","msg":"Credentials initialized."}

Showing logs for build [32mhack19-hub-serverless-jenkins-d-mw497-4[0m stage [32mfrom-build-pack[0m and container [32mstep-working-dir-initializer-jhzqv[0m
{"level":"warn","ts":1572610285.2319806,"logger":"fallback-logger","caller":"logging/config.go:69","msg":"Fetch GitHub commit ID from kodata failed: open /var/run/ko/HEAD: no such file or directory"}
{"level":"info","ts":1572610285.235006,"logger":"fallback-logger","caller":"bash/main.go:65","msg":"Successfully executed command \"mkdir -p /workspace/source\""}

Showing logs for build [32mhack19-hub-serverless-jenkins-d-mw497-4[0m stage [32mfrom-build-pack[0m and container [32mstep-place-tools[0m

Showing logs for build [32mhack19-hub-serverless-jenkins-d-mw497-4[0m stage [32mfrom-build-pack[0m and container [32mstep-git-source-hack19-hub-serverless-jenkins-d-mgqrw[0m
{"level":"warn","ts":1572610291.292192,"logger":"fallback-logger","caller":"logging/config.go:69","msg":"Fetch GitHub commit ID from kodata failed: \"ref: refs/heads/master\" is not a valid GitHub commit ID"}
{"level":"info","ts":1572610291.728558,"logger":"fallback-logger","caller":"git/git.go:102","msg":"Successfully cloned https://github.com/**********/serverless-jenkins-demo.git @ v0.0.5 in path /workspace/source"}

Showing logs for build [32mhack19-hub-serverless-jenkins-d-mw497-4[0m stage [32mfrom-build-pack[0m and container [32mstep-git-merge[0m
Using SHAs from PULL_REFS=master:cc0ff6d4c7cbb768d4cc14ff293d23fd5af41406
WARNING: no SHAs to merge, falling back to initial cloned commit

Showing logs for build [32mhack19-hub-serverless-jenkins-d-mw497-4[0m stage [32mfrom-build-pack[0m and container [32mstep-setup-jx-git-credentials[0m
Generated Git credentials file /workspace/xdg_config/git/credentials

Showing logs for build [32mhack19-hub-serverless-jenkins-d-mw497-4[0m stage [32mfrom-build-pack[0m and container [32mstep-build-make-build[0m
CGO_ENABLED=0 GO15VENDOREXPERIMENT=1 go build -ldflags '' -o bin/serverless-jenkins-demo main.go

Showing logs for build [32mhack19-hub-serverless-jenkins-d-mw497-4[0m stage [32mfrom-build-pack[0m and container [32mstep-build-container-build[0m
[36mINFO[0m[0000] No base image, nothing to extract            
[36mINFO[0m[0000] cmd: EXPOSE                                  
[36mINFO[0m[0000] Adding exposed port: 8080/tcp                
[36mINFO[0m[0000] Checking for cached layer 823024120868.dkr.ecr.us-west-2.amazonaws.com/todo/cache:e5aeb7b7fd7a171b32d11e7d72e0bfe087660c54bc2c9ce1079c1452b94e114e... 
[36mINFO[0m[0000] No cached layer found for cmd RUN ls         
[36mINFO[0m[0000] Unpacking rootfs as cmd RUN ls requires it.  
[36mINFO[0m[0000] Taking snapshot of full filesystem...        
[36mINFO[0m[0000] EXPOSE 8080                                  
[36mINFO[0m[0000] cmd: EXPOSE                                  
[36mINFO[0m[0000] Adding exposed port: 8080/tcp                
[36mINFO[0m[0000] No files changed in this command, skipping snapshotting. 
[36mINFO[0m[0000] RUN ls                                       
[36mINFO[0m[0000] cmd: /bin/sh                                 
[36mINFO[0m[0000] args: [-c ls]                                
error building image: error building stage: starting command: fork/exec /bin/sh: no such file or directory
[31m
Pipeline failed on stage 'from-build-pack' : container 'step-build-container-build'. The execution of the pipeline has stopped.[0m
